app/build/outputs/mapping/milRelease/mapping.txt
# compiler: R8
# compiler_version: 8.8.34
# min_api: 24
# common_typos_disable
# {"id":"com.android.tools.r8.mapping","version":"2.2"}
# pg_map_id: 1f6812a
# pg_map_hash: SHA-256 1f6812aed430d633d64a73866ec16001037c0a5b2c9cdd3087bc84dc383a439d
com.atakmap.android.multipix.plugin.MultiPixLifecycle -> com.atakmap.android.multipix.plugin.MultiPixLifecycle:
# {"id":"sourceFile","fileName":"MultiPixLifecycle.java"}
    1:2:void <init>(gov.tak.api.plugin.IServiceController):12:12 -> <init>
    3:10:void <init>(gov.tak.api.plugin.IServiceController):14:14 -> <init>
    11:22:void <init>(gov.tak.api.plugin.IServiceController):15:15 -> <init>
    23:25:void <init>(gov.tak.api.plugin.IServiceController):12:12 -> <init>
    26:31:void <init>(gov.tak.api.plugin.IServiceController):18:18 -> <init>
    32:35:void <init>(gov.tak.api.plugin.IServiceController):19:19 -> <init>
    36:39:void <init>(gov.tak.api.plugin.IServiceController):17:17 -> <init>
com.atakmap.android.multipix.plugin.MultiPixTool -> com.atakmap.android.multipix.plugin.MultiPixTool:
# {"id":"sourceFile","fileName":"MultiPixTool.java"}
    1:2:void <init>(android.content.Context):13:13 -> <init>
    3:8:void <init>(android.content.Context):14:14 -> <init>
    9:12:void <init>(android.content.Context):15:15 -> <init>
    13:26:void <init>(android.content.Context):16:16 -> <init>
    27:30:void <init>(android.content.Context):13:13 -> <init>
com.atakmap.android.multipix.plugin.PluginNativeLoader -> atakplugin.multipix.d:
# {"id":"sourceFile","fileName":"PluginNativeLoader.java"}
    java.lang.String TAG -> a
    java.lang.String ndl -> b
    1:1:void <clinit>():13:13 -> <clinit>
    1:4:void <init>():10:10 -> <init>
    4:7:void init(android.content.Context):22:22 -> a
    8:11:void init(android.content.Context):24:24 -> a
    12:27:void init(android.content.Context):25:25 -> a
    28:35:void init(android.content.Context):28:28 -> a
    36:39:void init(android.content.Context):33:33 -> a
    1:4:void loadLibrary(java.lang.String):43:43 -> b
    5:19:void loadLibrary(java.lang.String):44:44 -> b
    20:30:void loadLibrary(java.lang.String):45:45 -> b
    31:41:void loadLibrary(java.lang.String):46:46 -> b
    42:45:void loadLibrary(java.lang.String):47:47 -> b
    46:53:void loadLibrary(java.lang.String):50:50 -> b
com.atakmap.android.multipix.plugin.R -> com.atakmap.android.multipix.plugin.a:
com.atakmap.android.multipix.plugin.R$color -> com.atakmap.android.multipix.plugin.a$a:
com.atakmap.android.multipix.plugin.R$dimen -> com.atakmap.android.multipix.plugin.a$b:
com.atakmap.android.multipix.plugin.R$drawable -> com.atakmap.android.multipix.plugin.a$c:
com.atakmap.android.multipix.plugin.R$id -> com.atakmap.android.multipix.plugin.a$d:
com.atakmap.android.multipix.plugin.R$layout -> com.atakmap.android.multipix.plugin.a$e:
com.atakmap.android.multipix.plugin.R$string -> com.atakmap.android.multipix.plugin.a$f:
com.atakmap.android.multipix.plugin.R$style -> com.atakmap.android.multipix.plugin.a$g:
...
com.atakmap.android.multipix.MultiPixCaptureActivity$1 -> com.atakmap.android.multipix.MultiPixCaptureActivity$a:
# {"id":"sourceFile","fileName":"MultiPixCaptureActivity.java"}
    com.atakmap.android.multipix.MultiPixCaptureActivity this$0 -> a
    1:6:void <init>(com.atakmap.android.multipix.MultiPixCaptureActivity):121:121 -> <init>
    1:6:void onClick(android.view.View):124:124 -> onClick
com.atakmap.android.multipix.MultiPixCaptureActivity$2 -> com.atakmap.android.multipix.MultiPixCaptureActivity$b:
# {"id":"sourceFile","fileName":"MultiPixCaptureActivity.java"}
    com.atakmap.android.multipix.MultiPixCaptureActivity this$0 -> a
    1:6:void <init>(com.atakmap.android.multipix.MultiPixCaptureActivity):132:132 -> <init>
    1:6:boolean onTouch(android.view.View,android.view.MotionEvent):135:135 -> onTouch
    7:17:boolean onTouch(android.view.View,android.view.MotionEvent):136:136 -> onTouch
com.atakmap.android.multipix.MultiPixCaptureActivity$3 -> com.atakmap.android.multipix.MultiPixCaptureActivity$c:
# {"id":"sourceFile","fileName":"MultiPixCaptureActivity.java"}
    com.atakmap.android.multipix.MultiPixCaptureActivity this$0 -> a
    1:6:void <init>(com.atakmap.android.multipix.MultiPixCaptureActivity):141:141 -> <init>
    1:6:void onClick(android.view.View):144:144 -> onClick
com.atakmap.android.multipix.MultiPixCaptureActivity$4 -> com.atakmap.android.multipix.MultiPixCaptureActivity$d:
# {"id":"sourceFile","fileName":"MultiPixCaptureActivity.java"}
    com.atakmap.android.multipix.MultiPixCaptureActivity this$0 -> a
    1:6:void <init>(com.atakmap.android.multipix.MultiPixCaptureActivity):152:152 -> <init>
    1:8:void onClick(android.view.View):155:155 -> onClick
    9:17:void onClick(android.view.View):156:156 -> onClick
    18:21:void onClick(android.view.View):157:157 -> onClick
    22:26:void onClick(android.view.View):160:160 -> onClick
    27:32:void onClick(android.view.View):161:161 -> onClick
com.atakmap.android.multipix.MultiPixCaptureActivity$5 -> com.atakmap.android.multipix.MultiPixCaptureActivity$e:
# {"id":"sourceFile","fileName":"MultiPixCaptureActivity.java"}
    java.lang.Float val$heading -> a
    com.atakmap.android.multipix.MultiPixCaptureActivity this$0 -> b
    1:8:void <init>(com.atakmap.android.multipix.MultiPixCaptureActivity,java.lang.Float):352:352 -> <init>
    1:7:void onPictureTaken(byte[],android.hardware.Camera):355:355 -> onPictureTaken
    8:13:void onPictureTaken(byte[],android.hardware.Camera):356:356 -> onPictureTaken
    14:23:void onPictureTaken(byte[],android.hardware.Camera):357:357 -> onPictureTaken
    24:32:void onPictureTaken(byte[],android.hardware.Camera):358:358 -> onPictureTaken
    33:37:void onPictureTaken(byte[],android.hardware.Camera):359:359 -> onPictureTaken
    38:43:void onPictureTaken(byte[],android.hardware.Camera):360:360 -> onPictureTaken
com.atakmap.android.multipix.MultiPixCaptureActivity$PhotoRecord -> com.atakmap.android.multipix.MultiPixCaptureActivity$f:
# {"id":"sourceFile","fileName":"MultiPixCaptureActivity.java"}
    java.lang.String path -> a
    java.lang.String uri -> b
    java.lang.Float headingDegrees -> c
    1:3:void <init>(java.lang.String,java.lang.String,java.lang.Float):678:678 -> <init>
    4:5:void <init>(java.lang.String,java.lang.String,java.lang.Float):679:679 -> <init>
    6:7:void <init>(java.lang.String,java.lang.String,java.lang.Float):680:680 -> <init>
    8:10:void <init>(java.lang.String,java.lang.String,java.lang.Float):681:681 -> <init>